2021-10-28 23:12:07,552 CRIT Supervisor is running as root.  Privileges were not dropped because no user is specified in the config file.  If you intend to run as root, you can set user=root in the config file to avoid this message.
2021-10-28 23:12:07,555 INFO supervisord started with pid 1
2021-10-28 23:12:08,557 INFO spawned: 'crond' with pid 8
2021-10-28 23:12:08,558 INFO spawned: 'php-fpm' with pid 9
2021-10-28 23:12:09,593 INFO success: crond entered RUNNING state, process has stayed up for > than 1 seconds (startsecs)
2021-10-28 23:12:09,593 INFO success: php-fpm entered RUNNING state, process has stayed up for > than 1 seconds (startsecs)
2021-10-28 23:22:22,245 WARN received SIGQUIT indicating exit request
2021-10-28 23:22:22,245 INFO waiting for crond, php-fpm to die
2021-10-28 23:22:22,248 INFO stopped: php-fpm (exit status 0)
2021-10-28 23:22:22,249 INFO stopped: crond (terminated by SIGTERM)
2021-10-28 23:22:24,320 CRIT Supervisor is running as root.  Privileges were not dropped because no user is specified in the config file.  If you intend to run as root, you can set user=root in the config file to avoid this message.
2021-10-28 23:22:24,322 INFO supervisord started with pid 1
2021-10-28 23:22:25,324 INFO spawned: 'crond' with pid 8
2021-10-28 23:22:25,325 INFO spawned: 'php-fpm' with pid 9
2021-10-28 23:22:26,365 INFO success: crond entered RUNNING state, process has stayed up for > than 1 seconds (startsecs)
2021-10-28 23:22:26,365 INFO success: php-fpm entered RUNNING state, process has stayed up for > than 1 seconds (startsecs)
2021-10-28 23:24:03,472 WARN received SIGQUIT indicating exit request
2021-10-28 23:24:03,472 INFO waiting for crond, php-fpm to die
2021-10-28 23:24:03,476 INFO stopped: php-fpm (exit status 0)
2021-10-28 23:24:03,476 INFO stopped: crond (terminated by SIGTERM)
2021-10-28 23:24:04,885 CRIT Supervisor is running as root.  Privileges were not dropped because no user is specified in the config file.  If you intend to run as root, you can set user=root in the config file to avoid this message.
2021-10-28 23:24:04,887 INFO supervisord started with pid 1
2021-10-28 23:24:05,889 INFO spawned: 'crond' with pid 8
2021-10-28 23:24:05,891 INFO spawned: 'php-fpm' with pid 9
2021-10-28 23:24:06,911 INFO success: crond entered RUNNING state, process has stayed up for > than 1 seconds (startsecs)
2021-10-28 23:24:06,911 INFO success: php-fpm entered RUNNING state, process has stayed up for > than 1 seconds (startsecs)
2021-10-28 23:25:54,020 WARN received SIGQUIT indicating exit request
2021-10-28 23:25:54,021 INFO waiting for crond, php-fpm to die
2021-10-28 23:25:54,023 INFO stopped: php-fpm (exit status 0)
2021-10-28 23:25:54,023 INFO stopped: crond (terminated by SIGTERM)
2021-10-28 23:25:55,660 CRIT Supervisor is running as root.  Privileges were not dropped because no user is specified in the config file.  If you intend to run as root, you can set user=root in the config file to avoid this message.
2021-10-28 23:25:55,663 INFO supervisord started with pid 1
2021-10-28 23:25:56,665 INFO spawned: 'crond' with pid 8
2021-10-28 23:25:56,666 INFO spawned: 'php-fpm' with pid 9
2021-10-28 23:25:57,707 INFO success: crond entered RUNNING state, process has stayed up for > than 1 seconds (startsecs)
2021-10-28 23:25:57,707 INFO success: php-fpm entered RUNNING state, process has stayed up for > than 1 seconds (startsecs)
2021-10-28 23:26:51,767 WARN received SIGQUIT indicating exit request
2021-10-28 23:26:51,767 INFO waiting for crond, php-fpm to die
2021-10-28 23:26:51,769 INFO stopped: php-fpm (exit status 0)
2021-10-28 23:26:51,770 INFO stopped: crond (terminated by SIGTERM)
2021-10-28 23:26:53,121 CRIT Supervisor is running as root.  Privileges were not dropped because no user is specified in the config file.  If you intend to run as root, you can set user=root in the config file to avoid this message.
2021-10-28 23:26:53,123 INFO supervisord started with pid 1
2021-10-28 23:26:54,125 INFO spawned: 'crond' with pid 8
2021-10-28 23:26:54,127 INFO spawned: 'php-fpm' with pid 9
2021-10-28 23:26:55,166 INFO success: crond entered RUNNING state, process has stayed up for > than 1 seconds (startsecs)
2021-10-28 23:26:55,166 INFO success: php-fpm entered RUNNING state, process has stayed up for > than 1 seconds (startsecs)
